<?xml version="1.0" encoding="UTF-8"?>
<!-- Generated by org.testng.reporters.JUnitReportReporter -->
<testsuite hostname="DESKTOP-7VJE66H" name="RadioButtons.CountRadioButtons" tests="1" failures="0" timestamp="11 Apr 2022 11:43:15 GMT" time="3.092" errors="0">
  <testcase name="IdDemo" time="3.092" classname="RadioButtons.CountRadioButtons"/>
</testsuite> <!-- RadioButtons.CountRadioButtons -->
